<?xml version="1.0" encoding="UTF-8" ?>

<beans xmlns="http://www.springframework.org/schema/beans" xmlns:xsi="http://www.w3.org/2001/XMLSchema-instance" xmlns:sbc="http://dev.meisen.net/sbconfigurator/ns"
       xsi:schemaLocation="http://www.springframework.org/schema/beans http://www.springframework.org/schema/beans/spring-beans-3.0.xsd
       					   http://dev.meisen.net/sbconfigurator/ns http://dev.meisen.net/xsd/sbconfigurator/sbconfigurator-ns.xsd">

  <!-- load the default configuration -->
  <import resource="classpath:/net/meisen/dissertation/config/sbconfigurator-core.xml" />
  
  <!-- add the properties of the test -->
  <import resource="classpath:/net/meisen/dissertation/config/test-sbconfigurator-properties.xml" />
  
  <!-- add some test loader which can inject some beans for testing only -->
  <sbc:loader id="testloader" loadFromClassPath="true" loadFromWorkingDir="false" selector="${testBeans.selector}" />
</beans>